resolving dependencies...
looking for conflicting packages...

Packages (1) base-devel-1-1


:: Proceed with installation? [Y/n] 
checking keyring...
checking package integrity...
loading package files...
checking for file conflicts...
checking available disk space...
:: Running pre-transaction hooks...
(1/1) Creating Timeshift snapshot before upgrade...
Mounted '/dev/sda2' at '/run/timeshift/11938/backup'
------------------------------------------------------------------------------
Estimating system size...
Creating new snapshot...(RSYNC)
Saving to device: /dev/sda2, mounted at path: /run/timeshift/11938/backup
Linking from snapshot: 2024-06-12_01-24-23
Syncing files with rsync...
 11.19% complete (00:00:08 remaining) 26.96% complete (00:00:02 remaining) 37.89% complete (00:00:03 remaining) 51.21% complete (00:00:02 remaining) 65.33% complete (00:00:02 remaining) 80.70% complete (00:00:01 remaining) 98.34% complete (00:00:00 remaining)100.00% complete (00:00:00 remaining)                                                                                Created control file: /run/timeshift/11938/backup/timeshift/snapshots/2024-06-12_01-43-44/info.json
RSYNC Snapshot saved successfully (12s)
Tagged snapshot '2024-06-12_01-43-44': ondemand
------------------------------------------------------------------------------
:: Processing package changes...
reinstalling base-devel...
