[32m[OK](B[m xdg-desktop-portal-hyprland is already installed. Skipping...
[33m[NOTE](B[m Installing xdg-desktop-portal-gtk ...
Sync Explicit (1): xdg-desktop-portal-gtk-1.15.1-2
Sync Explicit (1): xdg-desktop-portal-gtk-1.15.1-2
resolving dependencies...
resolving dependencies...
looking for conflicting packages...
looking for conflicting packages...

Package (1)                   New Version  Net Change  Download Size

extra/xdg-desktop-portal-gtk  1.15.1-2       0.42 MiB       0.11 MiB

Total Download Size:   0.11 MiB
Total Installed Size:  0.42 MiB

:: Proceed with installation? [Y/n] 
Package (1)                   New Version  Net Change  Download Size

extra/xdg-desktop-portal-gtk  1.15.1-2       0.42 MiB       0.11 MiB

Total Download Size:   0.11 MiB
Total Installed Size:  0.42 MiB

:: Proceed with installation? [Y/n] 
:: Retrieving packages...

:: Retrieving packages...
 xdg-desktop-portal-gtk-1.15.1-2-x86_64 downloading...
checking keyring...
 xdg-desktop-portal-gtk-1.15.1-2-x86_64 downloading...
checking keyring...
checking package integrity...
checking package integrity...
loading package files...
loading package files...
checking for file conflicts...
checking for file conflicts...
checking available disk space...
checking available disk space...
:: Processing package changes...
installing xdg-desktop-portal-gtk...
:: Processing package changes...
installing xdg-desktop-portal-gtk...
Optional dependencies for xdg-desktop-portal-gtk
    evince: Print preview
Optional dependencies for xdg-desktop-portal-gtk
    evince: Print preview
:: Running post-transaction hooks...
(1/3) Reloading user manager configuration...
:: Running post-transaction hooks...
(1/3) Reloading user manager configuration...
(2/3) Arming ConditionNeedsUpdate...
(2/3) Arming ConditionNeedsUpdate...
(3/3) Updating the desktop file MIME type cache...
(3/3) Updating the desktop file MIME type cache...
[1A[K[32m[OK](B[m xdg-desktop-portal-gtk was installed.
